%!Adobe-FontList 1.16
%Locale:0x419

%BeginFont
Handler:DirectoryHandler
FontType:Invalid
OutlineFileName:C:\Users\Виталик\Desktop\Погром\нердс\Font\symbols-nerds.eot
FileModTime:1437558005
%EndFont

%BeginFont
Handler:DirectoryHandler
FontType:Invalid
OutlineFileName:C:\Users\Виталик\Desktop\Погром\нердс\Font\symbols-nerds.svg
FileModTime:1437558005
%EndFont

%BeginFont
Handler:DirectoryHandler
FontType:TrueType
FontName:symbols-nerds
FamilyName:symbols-nerds
StyleName:Regular
FullName:symbols-nerds
MenuName:symbols-nerds
StyleBits:0
WritingScript:Roman
OutlineFileName:C:\Users\Виталик\Desktop\Погром\нердс\Font\symbols-nerds.ttf
DataFormat:sfntData
FileLength:6648
FileModTime:1437558005
WeightClass:400
WidthClass:5
AngleClass:0
NameArray:0,Mac,4,symbols-nerds
NameArray:0,Win,1,symbols-nerds
%EndFont

%BeginFont
Handler:DirectoryHandler
FontType:Invalid
OutlineFileName:C:\Users\Виталик\Desktop\Погром\нердс\Font\symbols-nerds.woff
FileModTime:1437558005
%EndFont

